<?xml version="1.0" encoding="UTF-8"?>
<!-- Generated by org.testng.reporters.JUnitReportReporter -->
<testsuite hostname="DESKTOP-A0LRO45" failures="0" tests="2" name="test_ng.Example" time="0.013" errors="0" timestamp="2023-05-24T14:02:33 IST" skipped="0">
  <testcase classname="test_ng.Example" name="test" time="0.012"/>
  <system-out>
    <![CDATA[Framework starts]]>
  </system-out>
  <testcase classname="test_ng.Example" name="test1" time="0.001"/>
  <system-out>
    <![CDATA[Framework Ends]]>
  </system-out>
</testsuite> <!-- test_ng.Example -->
